<?xml version="1.0" encoding="UTF-8"?>
<!-- Generated by org.testng.reporters.JUnitXMLReporter -->
<testsuite ignored="0" hostname="L-156082437" failures="0" tests="4" name="com.httpmethods.tradeix" time="8.753" errors="0" timestamp="28 Mar 2019 17:35:22 GMT">
  <testcase classname="com.httpmethods.tradeix.Verify_employee_deletion" name="Create_employee_verify" time="5.984"/>
  <testcase classname="com.httpmethods.tradeix.Create_new_employee" name="Create_employee_verify" time="0.484"/>
  <testcase classname="com.httpmethods.tradeix.Verify_employee_creation" name="Create_employee_verify" time="1.147"/>
  <testcase classname="com.httpmethods.tradeix.Verify_employee_update" name="Create_employee_verify" time="1.058"/>
</testsuite> <!-- com.httpmethods.tradeix -->
