<?xml version="1.0" encoding="UTF-8"?>
<!-- Generated by org.testng.reporters.JUnitXMLReporter -->
<testsuite ignored="0" hostname="L-156082437" failures="0" tests="1" name="testdummyproj" time="0.08" errors="0" timestamp="28 Mar 2019 19:26:38 GMT">
  <testcase classname="com.httpmethods.tradeix.Create_new_employee" name="@BeforeTest getData" time="0.0">
    <failure type="java.io.FileNotFoundException" message="\testdummyproj\src\test\java\resource\env.properties (The system cannot find the path specified)">
      <![CDATA[java.io.FileNotFoundException: \testdummyproj\src\test\java\resource\env.properties (The system cannot find the path specified)
	at java.base/java.io.FileInputStream.open0(Native Method)
	at java.base/java.io.FileInputStream.open(FileInputStream.java:219)
	at java.base/java.io.FileInputStream.<init>(FileInputStream.java:157)
	at java.base/java.io.FileInputStream.<init>(FileInputStream.java:112)
	at com.httpmethods.tradeix.Create_new_employee.getData(Create_new_employee.java:26)
... Removed 22 stack frames]]>
    </failure>
  </testcase> <!-- @BeforeTest getData -->
  <testcase classname="com.httpmethods.tradeix.Create_new_employee" name="Create_employee_verify" time="0.002">
    <skipped/>
  </testcase> <!-- Create_employee_verify -->
</testsuite> <!-- testdummyproj -->
